<?xml version="1.0" encoding="UTF-8"?>
<!-- Generated by org.testng.reporters.JUnitXMLReporter -->
<testsuite ignored="10" hostname="Jagadesh" failures="2" tests="10" name="Smoke Testing" time="47.488" errors="0" timestamp="2024-04-26T10:55:33 IST">
  <testcase classname="com.demoshop.testcases.HomePageTest" name="verifyLogo" time="0.359"/>
  <testcase classname="com.demoshop.testcases.HomePageTest" name="verifyTitleOfThePage" time="0.012"/>
  <testcase classname="com.demoshop.testcases.HomePageTest" name="verifyWishList" time="2.509"/>
  <testcase classname="com.demoshop.testcases.HomePageTest" name="verifyWishList" time="2.463"/>
  <testcase classname="com.demoshop.testcases.HomePageTest" name="verifyWishList" time="2.343"/>
  <testcase classname="com.demoshop.testcases.HomePageTest" name="verifyWishList" time="2.361"/>
  <testcase classname="com.demoshop.testcases.LoginPageTest" name="loginTest" time="1.685"/>
  <testcase classname="com.demoshop.testcases.LoginPageTest" name="loginTest" time="2.7"/>
  <testcase classname="com.demoshop.testcases.LoginPageTest" name="loginTest" time="1.502">
    <failure type="java.lang.AssertionError" message="expected [https://demo.nopcommerce.com/] but found [https://demo.nopcommerce.com/login?returnurl=%2F]">
      <![CDATA[java.lang.AssertionError: expected [https://demo.nopcommerce.com/] but found [https://demo.nopcommerce.com/login?returnurl=%2F]
at com.demoshop.testcases.LoginPageTest.loginTest(LoginPageTest.java:45)
at java.base/java.util.ArrayList.forEach(ArrayList.java:1511)
... Removed 31 stack frames]]>
    </failure>
  </testcase> <!-- loginTest -->
  <testcase classname="com.demoshop.testcases.LoginPageTest" name="loginTest" time="1.407">
    <failure type="java.lang.AssertionError" message="expected [https://demo.nopcommerce.com/] but found [https://demo.nopcommerce.com/login?returnurl=%2F]">
      <![CDATA[java.lang.AssertionError: expected [https://demo.nopcommerce.com/] but found [https://demo.nopcommerce.com/login?returnurl=%2F]
at com.demoshop.testcases.LoginPageTest.loginTest(LoginPageTest.java:45)
at java.base/java.util.ArrayList.forEach(ArrayList.java:1511)
... Removed 31 stack frames]]>
    </failure>
  </testcase> <!-- loginTest -->
  <testcase classname="com.demostore.base.BaseClass" name="@BeforeSuite loadConfig" time="0.0">
    <ignored/>
  </testcase> <!-- @BeforeSuite loadConfig -->
  <testcase classname="com.demostore.base.BaseClass" name="@BeforeSuite loadConfig" time="0.0">
    <ignored/>
  </testcase> <!-- @BeforeSuite loadConfig -->
  <testcase classname="com.demoshop.testcases.RegisterPageTest" name="createAccouuntTest" time="0.0">
    <ignored/>
  </testcase> <!-- createAccouuntTest -->
  <testcase classname="com.demoshop.testcases.AddToCartPageTest" name="addToCartTest" time="0.0">
    <ignored/>
  </testcase> <!-- addToCartTest -->
  <testcase classname="com.demostore.base.BaseClass" name="@BeforeSuite loadConfig" time="0.0">
    <ignored/>
  </testcase> <!-- @BeforeSuite loadConfig -->
  <testcase classname="com.demostore.base.BaseClass" name="@BeforeSuite loadConfig" time="0.0">
    <ignored/>
  </testcase> <!-- @BeforeSuite loadConfig -->
  <testcase classname="com.demoshop.testcases.ShoppingcartPageTest" name="addToShoppingCartTest" time="0.0">
    <ignored/>
  </testcase> <!-- addToShoppingCartTest -->
  <testcase classname="com.demoshop.testcases.EndToEndTest" name="endToEndTest" time="0.0">
    <ignored/>
  </testcase> <!-- endToEndTest -->
  <testcase classname="com.demostore.base.BaseClass" name="@BeforeSuite loadConfig" time="0.0">
    <ignored/>
  </testcase> <!-- @BeforeSuite loadConfig -->
  <testcase classname="com.demostore.base.BaseClass" name="@BeforeSuite loadConfig" time="0.0">
    <ignored/>
  </testcase> <!-- @BeforeSuite loadConfig -->
</testsuite> <!-- Smoke Testing -->
