<?xml version="1.0" encoding="UTF-8"?>
<!-- Generated by org.testng.reporters.JUnitXMLReporter -->
<testsuite ignored="12" hostname="Jagadesh" failures="3" tests="14" name="Test_All" time="113.874" errors="0" timestamp="2024-04-26T10:39:11 IST">
  <testcase classname="com.demoshop.testcases.RegisterPageTest" name="createAccouuntTest" time="2.451"/>
  <testcase classname="com.demoshop.testcases.RegisterPageTest" name="createAccouuntTest" time="2.384"/>
  <testcase classname="com.demoshop.testcases.RegisterPageTest" name="createAccouuntTest" time="2.956"/>
  <testcase classname="com.demoshop.testcases.RegisterPageTest" name="createAccouuntTest" time="42.274">
    <failure type="java.lang.AssertionError" message="expected [true] but found [false]">
      <![CDATA[java.lang.AssertionError: expected [true] but found [false]
at com.demoshop.testcases.RegisterPageTest.createAccouuntTest(RegisterPageTest.java:54)
at java.base/java.util.ArrayList.forEach(ArrayList.java:1511)
... Removed 29 stack frames]]>
    </failure>
  </testcase> <!-- createAccouuntTest -->
  <testcase classname="com.demoshop.testcases.LoginPageTest" name="loginTest" time="5.947"/>
  <testcase classname="com.demoshop.testcases.LoginPageTest" name="loginTest" time="1.664"/>
  <testcase classname="com.demoshop.testcases.LoginPageTest" name="loginTest" time="1.408">
    <failure type="java.lang.AssertionError" message="expected [https://demo.nopcommerce.com/] but found [https://demo.nopcommerce.com/login?returnurl=%2F]">
      <![CDATA[java.lang.AssertionError: expected [https://demo.nopcommerce.com/] but found [https://demo.nopcommerce.com/login?returnurl=%2F]
at com.demoshop.testcases.LoginPageTest.loginTest(LoginPageTest.java:45)
at java.base/java.util.ArrayList.forEach(ArrayList.java:1511)
... Removed 31 stack frames]]>
    </failure>
  </testcase> <!-- loginTest -->
  <testcase classname="com.demoshop.testcases.LoginPageTest" name="loginTest" time="2.197">
    <failure type="java.lang.AssertionError" message="expected [https://demo.nopcommerce.com/] but found [https://demo.nopcommerce.com/login?returnurl=%2F]">
      <![CDATA[java.lang.AssertionError: expected [https://demo.nopcommerce.com/] but found [https://demo.nopcommerce.com/login?returnurl=%2F]
at com.demoshop.testcases.LoginPageTest.loginTest(LoginPageTest.java:45)
at java.base/java.util.ArrayList.forEach(ArrayList.java:1511)
... Removed 31 stack frames]]>
    </failure>
  </testcase> <!-- loginTest -->
  <testcase classname="com.demoshop.testcases.HomePageTest" name="verifyLogo" time="0.075"/>
  <testcase classname="com.demoshop.testcases.HomePageTest" name="verifyTitleOfThePage" time="0.014"/>
  <testcase classname="com.demoshop.testcases.HomePageTest" name="verifyWishList" time="1.855"/>
  <testcase classname="com.demoshop.testcases.HomePageTest" name="verifyWishList" time="2.761"/>
  <testcase classname="com.demoshop.testcases.HomePageTest" name="verifyWishList" time="2.238"/>
  <testcase classname="com.demoshop.testcases.HomePageTest" name="verifyWishList" time="2.288"/>
  <testcase classname="com.demostore.base.BaseClass" name="@BeforeSuite loadConfig" time="0.0">
    <ignored/>
  </testcase> <!-- @BeforeSuite loadConfig -->
  <testcase classname="com.demostore.base.BaseClass" name="@AfterSuite AfterSuite" time="0.0">
    <ignored/>
  </testcase> <!-- @AfterSuite AfterSuite -->
  <testcase classname="com.demostore.base.BaseClass" name="@AfterSuite AfterSuite" time="0.0">
    <ignored/>
  </testcase> <!-- @AfterSuite AfterSuite -->
  <testcase classname="com.demostore.base.BaseClass" name="@BeforeSuite loadConfig" time="0.0">
    <ignored/>
  </testcase> <!-- @BeforeSuite loadConfig -->
  <testcase classname="com.demostore.base.BaseClass" name="@BeforeSuite loadConfig" time="0.0">
    <ignored/>
  </testcase> <!-- @BeforeSuite loadConfig -->
  <testcase classname="com.demostore.base.BaseClass" name="@AfterSuite AfterSuite" time="0.0">
    <ignored/>
  </testcase> <!-- @AfterSuite AfterSuite -->
  <testcase classname="com.demostore.base.BaseClass" name="@AfterSuite AfterSuite" time="0.0">
    <ignored/>
  </testcase> <!-- @AfterSuite AfterSuite -->
  <testcase classname="com.demostore.base.BaseClass" name="@AfterSuite AfterSuite" time="0.0">
    <ignored/>
  </testcase> <!-- @AfterSuite AfterSuite -->
  <testcase classname="com.demostore.base.BaseClass" name="@AfterSuite AfterSuite" time="0.0">
    <ignored/>
  </testcase> <!-- @AfterSuite AfterSuite -->
  <testcase classname="com.demostore.base.BaseClass" name="@BeforeSuite loadConfig" time="0.0">
    <ignored/>
  </testcase> <!-- @BeforeSuite loadConfig -->
  <testcase classname="com.demostore.base.BaseClass" name="@BeforeSuite loadConfig" time="0.0">
    <ignored/>
  </testcase> <!-- @BeforeSuite loadConfig -->
  <testcase classname="com.demostore.base.BaseClass" name="@BeforeSuite loadConfig" time="0.0">
    <ignored/>
  </testcase> <!-- @BeforeSuite loadConfig -->
</testsuite> <!-- Test_All -->
